Start testing: Aug 16 22:17 BST
----------------------------------------------------------
1/1 Testing: transformContainers_test
1/1 Test: transformContainers_test
Command: "/home/nanautzin/coders_school/stl/homework/transform-containers/build/transformContainers-ut"
Directory: /home/nanautzin/coders_school/stl/homework/transform-containers/build
"transformContainers_test" start time: Aug 16 22:17 BST
Output:
----------------------------------------------------------
Running main() from /home/nanautzin/coders_school/stl/homework/transform-containers/build/googletest-src/googletest/src/gtest_main.cc
[==========] Running 1 test from 1 test suite.
[----------] Global test environment set-up.
[----------] 1 test from transformContainerTests
[ RUN      ] transformContainerTests.ShouldReturnUniqueMap
[       OK ] transformContainerTests.ShouldReturnUniqueMap (0 ms)
[----------] 1 test from transformContainerTests (0 ms total)

[----------] Global test environment tear-down
[==========] 1 test from 1 test suite ran. (0 ms total)
[  PASSED  ] 1 test.
<end of output>
Test time =   0.00 sec
----------------------------------------------------------
Test Passed.
"transformContainers_test" end time: Aug 16 22:17 BST
"transformContainers_test" time elapsed: 00:00:00
----------------------------------------------------------

End testing: Aug 16 22:17 BST
